# JRE version: Java(TM) SE Runtime Environment 18.9 (11.0.13+10) (build 11.0.13+10-LTS-370)
# Java VM: Java HotSpot(TM) 64-Bit Server VM 18.9 (11.0.13+10-LTS-370, mixed mode, tiered, compressed oops, g1 gc, windows-amd64)
Heap:
 garbage-first heap   total 124928K, used 14715K [0x0000000087200000, 0x0000000100000000)
  region size 1024K, 12 young (12288K), 9 survivors (9216K)
 Metaspace       used 29122K, capacity 29641K, committed 30000K, reserved 1075200K
  class space    used 3175K, capacity 3343K, committed 3456K, reserved 1048576K
GC Heap History (6 events):
Event: 21.023 GC heap before
{Heap before GC invocations=0 (full 0):
 garbage-first heap   total 124928K, used 24576K [0x0000000087200000, 0x0000000100000000)
  region size 1024K, 24 young (24576K), 0 survivors (0K)
 Metaspace       used 12274K, capacity 12468K, committed 12672K, reserved 1060864K
  class space    used 1240K, capacity 1348K, committed 1408K, reserved 1048576K
}
Event: 21.042 GC heap after
{Heap after GC invocations=1 (full 0):
 garbage-first heap   total 124928K, used 3490K [0x0000000087200000, 0x0000000100000000)
  region size 1024K, 3 young (3072K), 3 survivors (3072K)
 Metaspace       used 12274K, capacity 12468K, committed 12672K, reserved 1060864K
  class space    used 1240K, capacity 1348K, committed 1408K, reserved 1048576K
}
Event: 28.709 GC heap before
{Heap before GC invocations=1 (full 0):
 garbage-first heap   total 124928K, used 62882K [0x0000000087200000, 0x0000000100000000)
  region size 1024K, 62 young (63488K), 3 survivors (3072K)
 Metaspace       used 20771K, capacity 21193K, committed 21296K, reserved 1069056K
  class space    used 2232K, capacity 2385K, committed 2432K, reserved 1048576K
}
Event: 28.739 GC heap after
{Heap after GC invocations=2 (full 0):
 garbage-first heap   total 124928K, used 7198K [0x0000000087200000, 0x0000000100000000)
  region size 1024K, 7 young (7168K), 7 survivors (7168K)
 Metaspace       used 20771K, capacity 21193K, committed 21296K, reserved 1069056K
  class space    used 2232K, capacity 2385K, committed 2432K, reserved 1048576K
}
Event: 137.053 GC heap before
{Heap before GC invocations=3 (full 0):
 garbage-first heap   total 124928K, used 72734K [0x0000000087200000, 0x0000000100000000)
  region size 1024K, 71 young (72704K), 7 survivors (7168K)
 Metaspace       used 29087K, capacity 29641K, committed 30000K, reserved 1075200K
  class space    used 3175K, capacity 3343K, committed 3456K, reserved 1048576K
}
Event: 137.225 GC heap after
{Heap after GC invocations=4 (full 0):
 garbage-first heap   total 124928K, used 12667K [0x0000000087200000, 0x0000000100000000)
  region size 1024K, 9 young (9216K), 9 survivors (9216K)
 Metaspace       used 29087K, capacity 29641K, committed 30000K, reserved 1075200K
  class space    used 3175K, capacity 3343K, committed 3456K, reserved 1048576K
}

